npm warn EBADENGINE Unsupported engine {
npm warn EBADENGINE   package: 'snap-solver@1.0.0',
npm warn EBADENGINE   required: { node: '20.x' },
npm warn EBADENGINE   current: { node: 'v18.17.0', npm: '10.8.1' }
npm warn EBADENGINE }

up to date, audited 192 packages in 3s

27 packages are looking for funding
  run `npm fund` for details

8 vulnerabilities (1 moderate, 7 high)

To address issues that do not require attention, run:
  npm audit fix

To address all issues possible (including breaking changes), run:
  npm audit fix --force

Some issues need review, and may require choosing
a different dependency.

Run `npm audit` for details.
npm warn EBADENGINE Unsupported engine {
npm warn EBADENGINE   package: 'snap-solver@1.0.0',
npm warn EBADENGINE   required: { node: '20.x' },
npm warn EBADENGINE   current: { node: 'v18.17.0', npm: '10.8.1' }
npm warn EBADENGINE }

up to date, audited 192 packages in 2s

27 packages are looking for funding
  run `npm fund` for details

8 vulnerabilities (1 moderate, 7 high)

To address issues that do not require attention, run:
  npm audit fix

To address all issues possible (including breaking changes), run:
  npm audit fix --force

Some issues need review, and may require choosing
a different dependency.

Run `npm audit` for details.
